<?xml version="1.0" encoding="UTF-8"?>
<!-- Generated by org.testng.reporters.JUnitXMLReporter -->
<testsuite ignored="0" hostname="SHILPA-PC" failures="0" tests="1" name="Test" time="4.992" errors="0" timestamp="2021-08-19T11:59:03 IST">
  <testcase classname="Generics.BaseTest" name="@BeforeMethod precondition" time="4.915">
    <failure type="org.openqa.selenium.SessionNotCreatedException" message="session not created: This version of ChromeDriver only supports Chrome version 90
Current browser version is 92.0.4515.159 with binary path C:\Program Files\Google\Chrome\Application\chrome.exe
Build info: version: &amp;apos;3.141.59&amp;apos;, revision: &amp;apos;e82be7d358&amp;apos;, time: &amp;apos;2018-11-14T08:17:03&amp;apos;
System info: host: &amp;apos;SHILPA-PC&amp;apos;, ip: &amp;apos;172.16.17.238&amp;apos;, os.name: &amp;apos;Windows 7&amp;apos;, os.arch: &amp;apos;amd64&amp;apos;, os.version: &amp;apos;6.1&amp;apos;, java.version: &amp;apos;16.0.2&amp;apos;
Driver info: driver.version: ChromeDriver
remote stacktrace: Backtrace:
	Ordinal0 [0x012AC013+2474003]
	Ordinal0 [0x012429C1+2042305]
	Ordinal0 [0x01152F68+1060712]
	Ordinal0 [0x0117188E+1185934]
	Ordinal0 [0x0116D600+1168896]
	Ordinal0 [0x0116AA83+1157763]
	Ordinal0 [0x0119A2A2+1352354]
	Ordinal0 [0x01198FAA+1347498]
	Ordinal0 [0x011966DB+1337051]
	Ordinal0 [0x01173427+1192999]
	Ordinal0 [0x011742EE+1196782]
	Ordinal0 [0x01174279+1196665]
	GetHandleVerifier [0x014396FC+1590332]
	GetHandleVerifier [0x014E8614+2306900]
	GetHandleVerifier [0x01339E93+543699]
	GetHandleVerifier [0x013392CE+540686]
	Ordinal0 [0x012486BA+2066106]
	Ordinal0 [0x0124D1C8+2085320]
	Ordinal0 [0x0124D308+2085640]
	Ordinal0 [0x012567F3+2123763]
	BaseThreadInitThunk [0x74CB33CA+18]
	RtlInitializeExceptionChain [0x77119ED2+99]
	RtlInitializeExceptionChain [0x77119EA5+54]
">
      <![CDATA[org.openqa.selenium.SessionNotCreatedException: session not created: This version of ChromeDriver only supports Chrome version 90
Current browser version is 92.0.4515.159 with binary path C:\Program Files\Google\Chrome\Application\chrome.exe
Build info: version: '3.141.59', revision: 'e82be7d358', time: '2018-11-14T08:17:03'
System info: host: 'SHILPA-PC', ip: '172.16.17.238', os.name: 'Windows 7', os.arch: 'amd64', os.version: '6.1', java.version: '16.0.2'
Driver info: driver.version: ChromeDriver
remote stacktrace: Backtrace:
Ordinal0 [0x012AC013+2474003]
Ordinal0 [0x012429C1+2042305]
Ordinal0 [0x01152F68+1060712]
Ordinal0 [0x0117188E+1185934]
Ordinal0 [0x0116D600+1168896]
Ordinal0 [0x0116AA83+1157763]
Ordinal0 [0x0119A2A2+1352354]
Ordinal0 [0x01198FAA+1347498]
Ordinal0 [0x011966DB+1337051]
Ordinal0 [0x01173427+1192999]
Ordinal0 [0x011742EE+1196782]
Ordinal0 [0x01174279+1196665]
GetHandleVerifier [0x014396FC+1590332]
GetHandleVerifier [0x014E8614+2306900]
GetHandleVerifier [0x01339E93+543699]
GetHandleVerifier [0x013392CE+540686]
Ordinal0 [0x012486BA+2066106]
Ordinal0 [0x0124D1C8+2085320]
Ordinal0 [0x0124D308+2085640]
Ordinal0 [0x012567F3+2123763]
BaseThreadInitThunk [0x74CB33CA+18]
RtlInitializeExceptionChain [0x77119ED2+99]
RtlInitializeExceptionChain [0x77119EA5+54]

at org.openqa.selenium.remote.W3CHandshakeResponse.lambda$errorHandler$0(W3CHandshakeResponse.java:62)
at org.openqa.selenium.remote.HandshakeResponse.lambda$getResponseFunction$0(HandshakeResponse.java:30)
at org.openqa.selenium.remote.ProtocolHandshake.lambda$createSession$0(ProtocolHandshake.java:126)
at java.base/java.util.stream.ReferencePipeline$3$1.accept(ReferencePipeline.java:197)
at java.base/java.util.Spliterators$ArraySpliterator.tryAdvance(Spliterators.java:958)
at java.base/java.util.stream.ReferencePipeline.forEachWithCancel(ReferencePipeline.java:129)
at java.base/java.util.stream.AbstractPipeline.copyIntoWithCancel(AbstractPipeline.java:502)
at java.base/java.util.stream.AbstractPipeline.copyInto(AbstractPipeline.java:488)
at java.base/java.util.stream.AbstractPipeline.wrapAndCopyInto(AbstractPipeline.java:474)
at java.base/java.util.stream.FindOps$FindOp.evaluateSequential(FindOps.java:150)
at java.base/java.util.stream.AbstractPipeline.evaluate(AbstractPipeline.java:234)
at java.base/java.util.stream.ReferencePipeline.findFirst(ReferencePipeline.java:647)
at org.openqa.selenium.remote.ProtocolHandshake.createSession(ProtocolHandshake.java:128)
at org.openqa.selenium.remote.ProtocolHandshake.createSession(ProtocolHandshake.java:74)
at org.openqa.selenium.remote.HttpCommandExecutor.execute(HttpCommandExecutor.java:136)
at org.openqa.selenium.remote.service.DriverCommandExecutor.execute(DriverCommandExecutor.java:83)
at org.openqa.selenium.remote.RemoteWebDriver.execute(RemoteWebDriver.java:552)
at org.openqa.selenium.remote.RemoteWebDriver.startSession(RemoteWebDriver.java:213)
at org.openqa.selenium.remote.RemoteWebDriver.<init>(RemoteWebDriver.java:131)
at org.openqa.selenium.chrome.ChromeDriver.<init>(ChromeDriver.java:181)
at org.openqa.selenium.chrome.ChromeDriver.<init>(ChromeDriver.java:168)
at org.openqa.selenium.chrome.ChromeDriver.<init>(ChromeDriver.java:123)
at Generics.BaseTest.precondition(BaseTest.java:25)
at java.base/java.util.ArrayList.forEach(ArrayList.java:1511)
... Removed 36 stack frames]]>
    </failure>
  </testcase> <!-- @BeforeMethod precondition -->
  <testcase classname="Generics.BaseTest" name="@AfterMethod postcondition" time="-1.629354543227E9">
    <skipped/>
  </testcase> <!-- @AfterMethod postcondition -->
  <testcase classname="TestScripts.ActitimeLogin" name="actitimeLoginScript" time="0.0">
    <skipped/>
  </testcase> <!-- actitimeLoginScript -->
</testsuite> <!-- Test -->
